0 info it worked if it ends with ok
1 verbose cli [ '/usr/local/bin/node', '/usr/local/bin/npm', 'publish' ]
2 info using npm@3.10.8
3 info using node@v6.8.1
4 verbose publish [ '.' ]
5 silly cache add args [ '.', null ]
6 verbose cache add spec .
7 silly cache add parsed spec Result {
7 silly cache add   raw: '.',
7 silly cache add   scope: null,
7 silly cache add   escapedName: null,
7 silly cache add   name: null,
7 silly cache add   rawSpec: '.',
7 silly cache add   spec: '/Users/mayako/WebstormProjects/loading/dist',
7 silly cache add   type: 'directory' }
8 verbose addLocalDirectory /Users/mayako/.npm/Vue-loadingPlugin/0.1.7/package.tgz not in flight; packing
9 verbose correctMkdir /Users/mayako/.npm correctMkdir not in flight; initializing
10 info lifecycle Vue-loadingPlugin@0.1.7~prepublish: Vue-loadingPlugin@0.1.7
11 silly lifecycle Vue-loadingPlugin@0.1.7~prepublish: no script for prepublish, continuing
12 verbose tar pack [ '/Users/mayako/.npm/Vue-loadingPlugin/0.1.7/package.tgz',
12 verbose tar pack   '/Users/mayako/WebstormProjects/loading/dist' ]
13 verbose tarball /Users/mayako/.npm/Vue-loadingPlugin/0.1.7/package.tgz
14 verbose folder /Users/mayako/WebstormProjects/loading/dist
15 verbose addLocalTarball adding from inside cache /Users/mayako/.npm/Vue-loadingPlugin/0.1.7/package.tgz
16 verbose correctMkdir /Users/mayako/.npm correctMkdir not in flight; initializing
17 silly cache afterAdd Vue-loadingPlugin@0.1.7
18 verbose afterAdd /Users/mayako/.npm/Vue-loadingPlugin/0.1.7/package/package.json not in flight; writing
19 verbose correctMkdir /Users/mayako/.npm correctMkdir not in flight; initializing
20 verbose afterAdd /Users/mayako/.npm/Vue-loadingPlugin/0.1.7/package/package.json written
21 silly publish { name: 'Vue-loadingPlugin',
21 silly publish   version: '0.1.7',
21 silly publish   description: 'vue-loading',
21 silly publish   main: 'index.js',
21 silly publish   scripts: { test: 'echo "Error: no test specified" && exit 1' },
21 silly publish   author: { name: 'mayako' },
21 silly publish   license: 'MIT',
21 silly publish   homepage: 'https://github.com/mayako21126',
21 silly publish   keywords: [ 'vue', 'loading', 'plugin' ],
21 silly publish   dependencies: { vue: '^2.1.0' },
21 silly publish   readme: 'ERROR: No README data found!',
21 silly publish   _id: 'Vue-loadingPlugin@0.1.7',
21 silly publish   _shasum: 'd8ef6defd8e34a3d43a5d0799046344db2b69176',
21 silly publish   _from: '.' }
22 verbose getPublishConfig undefined
23 silly mapToRegistry name Vue-loadingPlugin
24 silly mapToRegistry using default registry
25 silly mapToRegistry registry https://registry.npmjs.org/
26 silly mapToRegistry data Result {
26 silly mapToRegistry   raw: 'Vue-loadingPlugin',
26 silly mapToRegistry   scope: null,
26 silly mapToRegistry   escapedName: 'Vue-loadingPlugin',
26 silly mapToRegistry   name: 'Vue-loadingPlugin',
26 silly mapToRegistry   rawSpec: '',
26 silly mapToRegistry   spec: 'latest',
26 silly mapToRegistry   type: 'tag' }
27 silly mapToRegistry uri https://registry.npmjs.org/Vue-loadingPlugin
28 verbose publish registryBase https://registry.npmjs.org/
29 silly publish uploading /Users/mayako/.npm/Vue-loadingPlugin/0.1.7/package.tgz
30 verbose request uri https://registry.npmjs.org/Vue-loadingPlugin
31 verbose request sending authorization for write operation
32 info attempt registry request try #1 at 3:02:32 PM
33 verbose request using bearer token for auth
34 verbose request id 8bb1b082878d6c2e
35 http request PUT https://registry.npmjs.org/Vue-loadingPlugin
36 http 400 https://registry.npmjs.org/Vue-loadingPlugin
37 verbose headers { 'content-type': 'application/json',
37 verbose headers   'cache-control': 'max-age=300',
37 verbose headers   'content-length': '61',
37 verbose headers   'accept-ranges': 'bytes',
37 verbose headers   date: 'Tue, 28 Feb 2017 07:02:34 GMT',
37 verbose headers   via: '1.1 varnish',
37 verbose headers   connection: 'keep-alive',
37 verbose headers   'x-served-by': 'cache-itm7425-ITM',
37 verbose headers   'x-cache': 'MISS',
37 verbose headers   'x-cache-hits': '0',
37 verbose headers   'x-timer': 'S1488265353.714238,VS0,VE664',
37 verbose headers   vary: 'Accept-Encoding' }
38 verbose request invalidating /Users/mayako/.npm/registry.npmjs.org/Vue-loadingPlugin on PUT
39 error publish Failed PUT 400
40 verbose stack Error: "Vue-loadingPlugin" is invalid for new packages : Vue-loadingPlugin
40 verbose stack     at makeError (/usr/local/lib/node_modules/npm/node_modules/npm-registry-client/lib/request.js:302:12)
40 verbose stack     at CachingRegistryClient.<anonymous> (/usr/local/lib/node_modules/npm/node_modules/npm-registry-client/lib/request.js:290:14)
40 verbose stack     at Request._callback (/usr/local/lib/node_modules/npm/node_modules/npm-registry-client/lib/request.js:210:14)
40 verbose stack     at Request.self.callback (/usr/local/lib/node_modules/npm/node_modules/request/request.js:187:22)
40 verbose stack     at emitTwo (events.js:106:13)
40 verbose stack     at Request.emit (events.js:191:7)
40 verbose stack     at Request.<anonymous> (/usr/local/lib/node_modules/npm/node_modules/request/request.js:1044:10)
40 verbose stack     at emitOne (events.js:96:13)
40 verbose stack     at Request.emit (events.js:188:7)
40 verbose stack     at IncomingMessage.<anonymous> (/usr/local/lib/node_modules/npm/node_modules/request/request.js:965:12)
41 verbose statusCode 400
42 verbose pkgid Vue-loadingPlugin
43 verbose cwd /Users/mayako/WebstormProjects/loading/dist
44 error Darwin 16.0.0
45 error argv "/usr/local/bin/node" "/usr/local/bin/npm" "publish"
46 error node v6.8.1
47 error npm  v3.10.8
48 error code E400
49 error "Vue-loadingPlugin" is invalid for new packages : Vue-loadingPlugin
50 error If you need help, you may report this error at:
50 error     <https://github.com/npm/npm/issues>
51 verbose exit [ 1, true ]
